<?xml version="1.0" encoding="UTF-8"?>
<!-- Generated by org.testng.reporters.JUnitReportReporter -->
<testsuite hostname="CORPLPW000052" failures="0" tests="1" name="com.athma.qa.testcases.PatientRegistrationTest" time="14.149" errors="0" timestamp="2022-01-07T09:17:50 IST" skipped="0">
  <testcase classname="com.athma.qa.testcases.PatientRegistrationTest" name="tittleTest" time="14.149"/>
  <system-out/>
</testsuite> <!-- com.athma.qa.testcases.PatientRegistrationTest -->
