<?xml version="1.0" encoding="UTF-8"?>
<!-- Generated by org.testng.reporters.JUnitReportReporter -->
<testsuite hostname="CORPLPW000052" failures="0" tests="2" name="com.athma.qa.testcases.AnnotationsTest" time="0.005" errors="0" timestamp="2022-01-06T23:08:38 IST" skipped="0">
  <testcase classname="com.athma.qa.testcases.AnnotationsTest" name="test2" time="0.001"/>
  <system-out/>
  <testcase classname="com.athma.qa.testcases.AnnotationsTest" name="test1" time="0.004"/>
  <system-out/>
</testsuite> <!-- com.athma.qa.testcases.AnnotationsTest -->
