<?xml version="1.0" encoding="UTF-8"?>
<!-- Generated by org.testng.reporters.JUnitReportReporter -->
<testsuite hostname="CORPLPW000052" failures="0" tests="2" name="com.athma.qa.testcases.HomePageTest" time="36.772" errors="0" timestamp="2022-01-06T23:06:58 IST" skipped="0">
  <testcase classname="com.athma.qa.testcases.HomePageTest" name="homepageTitleTest" time="16.652"/>
  <system-out/>
  <testcase classname="com.athma.qa.testcases.HomePageTest" name="titleTest" time="20.120"/>
  <system-out/>
</testsuite> <!-- com.athma.qa.testcases.HomePageTest -->
